
> cms-frontend@1.0.0 dev:bank
> turbo dev --filter=@cms/bank-ops

• turbo 2.8.9
• Packages in scope: @cms/bank-ops
• Running dev in 1 packages
• Remote caching disabled
@cms/bank-ops:dev: cache bypass, force executing ccca6e9d8f1095d9
@cms/bank-ops:dev: 
@cms/bank-ops:dev: > @cms/bank-ops@1.0.0 dev
@cms/bank-ops:dev: > next dev --port 3000
@cms/bank-ops:dev: 
@cms/bank-ops:dev: [baseline-browser-mapping] The data in this module is over two months old.  To ensure accurate Baseline data, please update: `npm i baseline-browser-mapping@latest -D`
@cms/bank-ops:dev: [baseline-browser-mapping] The data in this module is over two months old.  To ensure accurate Baseline data, please update: `npm i baseline-browser-mapping@latest -D`
@cms/bank-ops:dev:    ▲ Next.js 14.0.4
@cms/bank-ops:dev:    - Local:        http://localhost:3000
@cms/bank-ops:dev:    - Environments: .env.local
@cms/bank-ops:dev: 
@cms/bank-ops:dev: > [PWA] PWA support is disabled
@cms/bank-ops:dev: > [PWA] PWA support is disabled
@cms/bank-ops:dev:  ✓ Ready in 3.8s
@cms/bank-ops:dev:  ○ Compiling /dashboard/applications/[id] ...
@cms/bank-ops:dev: Browserslist: browsers data (caniuse-lite) is 7 months old. Please run:
@cms/bank-ops:dev:   npx update-browserslist-db@latest
@cms/bank-ops:dev:   Why you should do it regularly: https://github.com/browserslist/update-db#readme
@cms/bank-ops:dev:  ✓ Compiled /dashboard/applications/[id] in 5.1s (1381 modules)
@cms/bank-ops:dev:  ✓ Compiled in 562ms (659 modules)
@cms/bank-ops:dev:  ○ Compiling /not-found ...
@cms/bank-ops:dev:  ✓ Compiled /not-found in 562ms (1372 modules)
@cms/bank-ops:dev:  ○ Compiling / ...
@cms/bank-ops:dev:  ✓ Compiled / in 1168ms (1373 modules)
@cms/bank-ops:dev:  ✓ Compiled /not-found in 493ms (1378 modules)
@cms/bank-ops:dev:  ○ Compiling /login ...
@cms/bank-ops:dev:  ✓ Compiled /login in 625ms (1374 modules)
@cms/bank-ops:dev:  ○ Compiling / ...
@cms/bank-ops:dev:  ✓ Compiled / in 738ms (731 modules)
@cms/bank-ops:dev:  ○ Compiling /not-found ...
@cms/bank-ops:dev:  ✓ Compiled /not-found in 526ms (1384 modules)
@cms/bank-ops:dev:  ○ Compiling /dashboard ...
@cms/bank-ops:dev:  ✓ Compiled /dashboard in 2.3s (1396 modules)
@cms/bank-ops:dev:  ○ Compiling /dashboard/applications/new ...
@cms/bank-ops:dev:  ✓ Compiled /dashboard/applications/new in 3s (1405 modules)
@cms/bank-ops:dev:  ○ Compiling /not-found ...
@cms/bank-ops:dev:  ✓ Compiled /not-found in 959ms (1410 modules)
